  CircularLinkedList.c
  ex4_3.c
G:\강성관 교수님 알고리즘\7주차 강의 내용\ch04수정본260415\ch04_3\CircularLinkedList.h(1,1): warning C4828: 파일에 0x11 오프셋에서 시작하는 문자가 포함되어 있습니다. 이 문자는 현재 원본 문자 집합에서 잘못된 문자입니다(코드 페이지 65001).
  (소스 파일 'ex4_3.c'을(를) 컴파일하는 중)
  
G:\강성관 교수님 알고리즘\7주차 강의 내용\ch04수정본260415\ch04_3\CircularLinkedList.h(1,1): warning C4828: 파일에 0x12 오프셋에서 시작하는 문자가 포함되어 있습니다. 이 문자는 현재 원본 문자 집합에서 잘못된 문자입니다(코드 페이지 65001).
  (소스 파일 'ex4_3.c'을(를) 컴파일하는 중)
  
G:\강성관 교수님 알고리즘\7주차 강의 내용\ch04수정본260415\ch04_3\CircularLinkedList.h(1,1): warning C4828: 파일에 0x13 오프셋에서 시작하는 문자가 포함되어 있습니다. 이 문자는 현재 원본 문자 집합에서 잘못된 문자입니다(코드 페이지 65001).
  (소스 파일 'ex4_3.c'을(를) 컴파일하는 중)
  
G:\강성관 교수님 알고리즘\7주차 강의 내용\ch04수정본260415\ch04_3\CircularLinkedList.h(1,1): warning C4828: 파일에 0x16 오프셋에서 시작하는 문자가 포함되어 있습니다. 이 문자는 현재 원본 문자 집합에서 잘못된 문자입니다(코드 페이지 65001).
  (소스 파일 'ex4_3.c'을(를) 컴파일하는 중)
  
G:\강성관 교수님 알고리즘\7주차 강의 내용\ch04수정본260415\ch04_3\CircularLinkedList.h(1,1): warning C4828: 파일에 0x17 오프셋에서 시작하는 문자가 포함되어 있습니다. 이 문자는 현재 원본 문자 집합에서 잘못된 문자입니다(코드 페이지 65001).
  (소스 파일 'ex4_3.c'을(를) 컴파일하는 중)
  
G:\강성관 교수님 알고리즘\7주차 강의 내용\ch04수정본260415\ch04_3\CircularLinkedList.h(1,1): warning C4828: 파일에 0x18 오프셋에서 시작하는 문자가 포함되어 있습니다. 이 문자는 현재 원본 문자 집합에서 잘못된 문자입니다(코드 페이지 65001).
  (소스 파일 'ex4_3.c'을(를) 컴파일하는 중)
  
G:\강성관 교수님 알고리즘\7주차 강의 내용\ch04수정본260415\ch04_3\CircularLinkedList.h(1,1): warning C4828: 파일에 0x19 오프셋에서 시작하는 문자가 포함되어 있습니다. 이 문자는 현재 원본 문자 집합에서 잘못된 문자입니다(코드 페이지 65001).
  (소스 파일 'ex4_3.c'을(를) 컴파일하는 중)
  
G:\강성관 교수님 알고리즘\7주차 강의 내용\ch04수정본260415\ch04_3\CircularLinkedList.h(1,1): warning C4828: 파일에 0x1c 오프셋에서 시작하는 문자가 포함되어 있습니다. 이 문자는 현재 원본 문자 집합에서 잘못된 문자입니다(코드 페이지 65001).
  (소스 파일 'ex4_3.c'을(를) 컴파일하는 중)
  
G:\강성관 교수님 알고리즘\7주차 강의 내용\ch04수정본260415\ch04_3\CircularLinkedList.h(1,1): warning C4828: 파일에 0x1d 오프셋에서 시작하는 문자가 포함되어 있습니다. 이 문자는 현재 원본 문자 집합에서 잘못된 문자입니다(코드 페이지 65001).
  (소스 파일 'ex4_3.c'을(를) 컴파일하는 중)
  
G:\강성관 교수님 알고리즘\7주차 강의 내용\ch04수정본260415\ch04_3\CircularLinkedList.h(1,1): warning C4828: 파일에 0x1e 오프셋에서 시작하는 문자가 포함되어 있습니다. 이 문자는 현재 원본 문자 집합에서 잘못된 문자입니다(코드 페이지 65001).
  (소스 파일 'ex4_3.c'을(를) 컴파일하는 중)
  
G:\강성관 교수님 알고리즘\7주차 강의 내용\ch04수정본260415\ch04_3\CircularLinkedList.h(1,1): warning C4828: 파일에 0x21 오프셋에서 시작하는 문자가 포함되어 있습니다. 이 문자는 현재 원본 문자 집합에서 잘못된 문자입니다(코드 페이지 65001).
  (소스 파일 'ex4_3.c'을(를) 컴파일하는 중)
  
G:\강성관 교수님 알고리즘\7주차 강의 내용\ch04수정본260415\ch04_3\CircularLinkedList.h(1,1): warning C4828: 파일에 0x22 오프셋에서 시작하는 문자가 포함되어 있습니다. 이 문자는 현재 원본 문자 집합에서 잘못된 문자입니다(코드 페이지 65001).
  (소스 파일 'ex4_3.c'을(를) 컴파일하는 중)
  
G:\강성관 교수님 알고리즘\7주차 강의 내용\ch04수정본260415\ch04_3\CircularLinkedList.h(1,1): warning C4828: 파일에 0x24 오프셋에서 시작하는 문자가 포함되어 있습니다. 이 문자는 현재 원본 문자 집합에서 잘못된 문자입니다(코드 페이지 65001).
  (소스 파일 'ex4_3.c'을(를) 컴파일하는 중)
  
G:\강성관 교수님 알고리즘\7주차 강의 내용\ch04수정본260415\ch04_3\CircularLinkedList.h(1,1): warning C4828: 파일에 0x25 오프셋에서 시작하는 문자가 포함되어 있습니다. 이 문자는 현재 원본 문자 집합에서 잘못된 문자입니다(코드 페이지 65001).
  (소스 파일 'ex4_3.c'을(를) 컴파일하는 중)
  
G:\강성관 교수님 알고리즘\7주차 강의 내용\ch04수정본260415\ch04_3\CircularLinkedList.h(1,1): warning C4828: 파일에 0x29 오프셋에서 시작하는 문자가 포함되어 있습니다. 이 문자는 현재 원본 문자 집합에서 잘못된 문자입니다(코드 페이지 65001).
  (소스 파일 'ex4_3.c'을(를) 컴파일하는 중)
  
G:\강성관 교수님 알고리즘\7주차 강의 내용\ch04수정본260415\ch04_3\CircularLinkedList.h(1,1): warning C4828: 파일에 0x2a 오프셋에서 시작하는 문자가 포함되어 있습니다. 이 문자는 현재 원본 문자 집합에서 잘못된 문자입니다(코드 페이지 65001).
  (소스 파일 'ex4_3.c'을(를) 컴파일하는 중)
  
G:\강성관 교수님 알고리즘\7주차 강의 내용\ch04수정본260415\ch04_3\CircularLinkedList.h(1,1): warning C4828: 파일에 0x2b 오프셋에서 시작하는 문자가 포함되어 있습니다. 이 문자는 현재 원본 문자 집합에서 잘못된 문자입니다(코드 페이지 65001).
  (소스 파일 'ex4_3.c'을(를) 컴파일하는 중)
  
G:\강성관 교수님 알고리즘\7주차 강의 내용\ch04수정본260415\ch04_3\CircularLinkedList.h(1,1): warning C4828: 파일에 0x2c 오프셋에서 시작하는 문자가 포함되어 있습니다. 이 문자는 현재 원본 문자 집합에서 잘못된 문자입니다(코드 페이지 65001).
  (소스 파일 'ex4_3.c'을(를) 컴파일하는 중)
  
G:\강성관 교수님 알고리즘\7주차 강의 내용\ch04수정본260415\ch04_3\CircularLinkedList.h(1,1): warning C4828: 파일에 0x2d 오프셋에서 시작하는 문자가 포함되어 있습니다. 이 문자는 현재 원본 문자 집합에서 잘못된 문자입니다(코드 페이지 65001).
  (소스 파일 'ex4_3.c'을(를) 컴파일하는 중)
  
G:\강성관 교수님 알고리즘\7주차 강의 내용\ch04수정본260415\ch04_3\CircularLinkedList.h(1,1): warning C4828: 파일에 0x2e 오프셋에서 시작하는 문자가 포함되어 있습니다. 이 문자는 현재 원본 문자 집합에서 잘못된 문자입니다(코드 페이지 65001).
  (소스 파일 'ex4_3.c'을(를) 컴파일하는 중)
  
G:\강성관 교수님 알고리즘\7주차 강의 내용\ch04수정본260415\ch04_3\CircularLinkedList.h(1,1): warning C4828: 파일에 0x30 오프셋에서 시작하는 문자가 포함되어 있습니다. 이 문자는 현재 원본 문자 집합에서 잘못된 문자입니다(코드 페이지 65001).
  (소스 파일 'ex4_3.c'을(를) 컴파일하는 중)
  
G:\강성관 교수님 알고리즘\7주차 강의 내용\ch04수정본260415\ch04_3\CircularLinkedList.h(1,1): warning C4828: 파일에 0x31 오프셋에서 시작하는 문자가 포함되어 있습니다. 이 문자는 현재 원본 문자 집합에서 잘못된 문자입니다(코드 페이지 65001).
  (소스 파일 'ex4_3.c'을(를) 컴파일하는 중)
  
G:\강성관 교수님 알고리즘\7주차 강의 내용\ch04수정본260415\ch04_3\CircularLinkedList.h(1,1): warning C4828: 파일에 0x32 오프셋에서 시작하는 문자가 포함되어 있습니다. 이 문자는 현재 원본 문자 집합에서 잘못된 문자입니다(코드 페이지 65001).
  (소스 파일 'ex4_3.c'을(를) 컴파일하는 중)
  
G:\강성관 교수님 알고리즘\7주차 강의 내용\ch04수정본260415\ch04_3\CircularLinkedList.h(1,1): warning C4828: 파일에 0x33 오프셋에서 시작하는 문자가 포함되어 있습니다. 이 문자는 현재 원본 문자 집합에서 잘못된 문자입니다(코드 페이지 65001).
  (소스 파일 'ex4_3.c'을(를) 컴파일하는 중)
  
G:\강성관 교수님 알고리즘\7주차 강의 내용\ch04수정본260415\ch04_3\CircularLinkedList.h(1,1): warning C4828: 파일에 0x36 오프셋에서 시작하는 문자가 포함되어 있습니다. 이 문자는 현재 원본 문자 집합에서 잘못된 문자입니다(코드 페이지 65001).
  (소스 파일 'ex4_3.c'을(를) 컴파일하는 중)
  
G:\강성관 교수님 알고리즘\7주차 강의 내용\ch04수정본260415\ch04_3\CircularLinkedList.h(1,1): warning C4828: 파일에 0x37 오프셋에서 시작하는 문자가 포함되어 있습니다. 이 문자는 현재 원본 문자 집합에서 잘못된 문자입니다(코드 페이지 65001).
  (소스 파일 'ex4_3.c'을(를) 컴파일하는 중)
  
G:\강성관 교수님 알고리즘\7주차 강의 내용\ch04수정본260415\ch04_3\CircularLinkedList.h(1,1): warning C4828: 파일에 0x39 오프셋에서 시작하는 문자가 포함되어 있습니다. 이 문자는 현재 원본 문자 집합에서 잘못된 문자입니다(코드 페이지 65001).
  (소스 파일 'ex4_3.c'을(를) 컴파일하는 중)
  
G:\강성관 교수님 알고리즘\7주차 강의 내용\ch04수정본260415\ch04_3\CircularLinkedList.h(1,1): warning C4828: 파일에 0x3a 오프셋에서 시작하는 문자가 포함되어 있습니다. 이 문자는 현재 원본 문자 집합에서 잘못된 문자입니다(코드 페이지 65001).
  (소스 파일 'ex4_3.c'을(를) 컴파일하는 중)
  
G:\강성관 교수님 알고리즘\7주차 강의 내용\ch04수정본260415\ch04_3\CircularLinkedList.h(1,1): warning C4828: 파일에 0x3b 오프셋에서 시작하는 문자가 포함되어 있습니다. 이 문자는 현재 원본 문자 집합에서 잘못된 문자입니다(코드 페이지 65001).
  (소스 파일 'ex4_3.c'을(를) 컴파일하는 중)
  
G:\강성관 교수님 알고리즘\7주차 강의 내용\ch04수정본260415\ch04_3\CircularLinkedList.h(1,1): warning C4828: 파일에 0x3c 오프셋에서 시작하는 문자가 포함되어 있습니다. 이 문자는 현재 원본 문자 집합에서 잘못된 문자입니다(코드 페이지 65001).
  (소스 파일 'ex4_3.c'을(를) 컴파일하는 중)
  
G:\강성관 교수님 알고리즘\7주차 강의 내용\ch04수정본260415\ch04_3\CircularLinkedList.h(1,1): warning C4828: 파일에 0x95 오프셋에서 시작하는 문자가 포함되어 있습니다. 이 문자는 현재 원본 문자 집합에서 잘못된 문자입니다(코드 페이지 65001).
  (소스 파일 'ex4_3.c'을(를) 컴파일하는 중)
  
G:\강성관 교수님 알고리즘\7주차 강의 내용\ch04수정본260415\ch04_3\CircularLinkedList.h(1,1): warning C4828: 파일에 0x96 오프셋에서 시작하는 문자가 포함되어 있습니다. 이 문자는 현재 원본 문자 집합에서 잘못된 문자입니다(코드 페이지 65001).
  (소스 파일 'ex4_3.c'을(를) 컴파일하는 중)
  
G:\강성관 교수님 알고리즘\7주차 강의 내용\ch04수정본260415\ch04_3\CircularLinkedList.h(1,1): warning C4828: 파일에 0x97 오프셋에서 시작하는 문자가 포함되어 있습니다. 이 문자는 현재 원본 문자 집합에서 잘못된 문자입니다(코드 페이지 65001).
  (소스 파일 'ex4_3.c'을(를) 컴파일하는 중)
  
G:\강성관 교수님 알고리즘\7주차 강의 내용\ch04수정본260415\ch04_3\CircularLinkedList.h(1,1): warning C4828: 파일에 0x98 오프셋에서 시작하는 문자가 포함되어 있습니다. 이 문자는 현재 원본 문자 집합에서 잘못된 문자입니다(코드 페이지 65001).
  (소스 파일 'ex4_3.c'을(를) 컴파일하는 중)
  
G:\강성관 교수님 알고리즘\7주차 강의 내용\ch04수정본260415\ch04_3\CircularLinkedList.h(1,1): warning C4828: 파일에 0x9b 오프셋에서 시작하는 문자가 포함되어 있습니다. 이 문자는 현재 원본 문자 집합에서 잘못된 문자입니다(코드 페이지 65001).
  (소스 파일 'ex4_3.c'을(를) 컴파일하는 중)
  
G:\강성관 교수님 알고리즘\7주차 강의 내용\ch04수정본260415\ch04_3\CircularLinkedList.h(1,1): warning C4828: 파일에 0x9c 오프셋에서 시작하는 문자가 포함되어 있습니다. 이 문자는 현재 원본 문자 집합에서 잘못된 문자입니다(코드 페이지 65001).
  (소스 파일 'ex4_3.c'을(를) 컴파일하는 중)
  
G:\강성관 교수님 알고리즘\7주차 강의 내용\ch04수정본260415\ch04_3\CircularLinkedList.h(1,1): warning C4828: 파일에 0x9e 오프셋에서 시작하는 문자가 포함되어 있습니다. 이 문자는 현재 원본 문자 집합에서 잘못된 문자입니다(코드 페이지 65001).
  (소스 파일 'ex4_3.c'을(를) 컴파일하는 중)
  
G:\강성관 교수님 알고리즘\7주차 강의 내용\ch04수정본260415\ch04_3\CircularLinkedList.h(1,1): warning C4828: 파일에 0x9f 오프셋에서 시작하는 문자가 포함되어 있습니다. 이 문자는 현재 원본 문자 집합에서 잘못된 문자입니다(코드 페이지 65001).
  (소스 파일 'ex4_3.c'을(를) 컴파일하는 중)
  
G:\강성관 교수님 알고리즘\7주차 강의 내용\ch04수정본260415\ch04_3\CircularLinkedList.h(1,1): warning C4828: 파일에 0xa1 오프셋에서 시작하는 문자가 포함되어 있습니다. 이 문자는 현재 원본 문자 집합에서 잘못된 문자입니다(코드 페이지 65001).
  (소스 파일 'ex4_3.c'을(를) 컴파일하는 중)
  
G:\강성관 교수님 알고리즘\7주차 강의 내용\ch04수정본260415\ch04_3\CircularLinkedList.h(1,1): warning C4828: 파일에 0xa3 오프셋에서 시작하는 문자가 포함되어 있습니다. 이 문자는 현재 원본 문자 집합에서 잘못된 문자입니다(코드 페이지 65001).
  (소스 파일 'ex4_3.c'을(를) 컴파일하는 중)
  
G:\강성관 교수님 알고리즘\7주차 강의 내용\ch04수정본260415\ch04_3\CircularLinkedList.h(1,1): warning C4828: 파일에 0xa5 오프셋에서 시작하는 문자가 포함되어 있습니다. 이 문자는 현재 원본 문자 집합에서 잘못된 문자입니다(코드 페이지 65001).
  (소스 파일 'ex4_3.c'을(를) 컴파일하는 중)
  
G:\강성관 교수님 알고리즘\7주차 강의 내용\ch04수정본260415\ch04_3\CircularLinkedList.h(1,1): warning C4828: 파일에 0xa6 오프셋에서 시작하는 문자가 포함되어 있습니다. 이 문자는 현재 원본 문자 집합에서 잘못된 문자입니다(코드 페이지 65001).
  (소스 파일 'ex4_3.c'을(를) 컴파일하는 중)
  
G:\강성관 교수님 알고리즘\7주차 강의 내용\ch04수정본260415\ch04_3\CircularLinkedList.h(1,1): warning C4828: 파일에 0xa9 오프셋에서 시작하는 문자가 포함되어 있습니다. 이 문자는 현재 원본 문자 집합에서 잘못된 문자입니다(코드 페이지 65001).
  (소스 파일 'ex4_3.c'을(를) 컴파일하는 중)
  
G:\강성관 교수님 알고리즘\7주차 강의 내용\ch04수정본260415\ch04_3\CircularLinkedList.h(1,1): warning C4828: 파일에 0xaa 오프셋에서 시작하는 문자가 포함되어 있습니다. 이 문자는 현재 원본 문자 집합에서 잘못된 문자입니다(코드 페이지 65001).
  (소스 파일 'ex4_3.c'을(를) 컴파일하는 중)
  
G:\강성관 교수님 알고리즘\7주차 강의 내용\ch04수정본260415\ch04_3\CircularLinkedList.h(1,1): warning C4828: 파일에 0xab 오프셋에서 시작하는 문자가 포함되어 있습니다. 이 문자는 현재 원본 문자 집합에서 잘못된 문자입니다(코드 페이지 65001).
  (소스 파일 'ex4_3.c'을(를) 컴파일하는 중)
  
G:\강성관 교수님 알고리즘\7주차 강의 내용\ch04수정본260415\ch04_3\CircularLinkedList.h(1,1): warning C4828: 파일에 0xac 오프셋에서 시작하는 문자가 포함되어 있습니다. 이 문자는 현재 원본 문자 집합에서 잘못된 문자입니다(코드 페이지 65001).
  (소스 파일 'ex4_3.c'을(를) 컴파일하는 중)
  
G:\강성관 교수님 알고리즘\7주차 강의 내용\ch04수정본260415\ch04_3\CircularLinkedList.h(1,1): warning C4828: 파일에 0xb3 오프셋에서 시작하는 문자가 포함되어 있습니다. 이 문자는 현재 원본 문자 집합에서 잘못된 문자입니다(코드 페이지 65001).
  (소스 파일 'ex4_3.c'을(를) 컴파일하는 중)
  
G:\강성관 교수님 알고리즘\7주차 강의 내용\ch04수정본260415\ch04_3\CircularLinkedList.h(1,1): warning C4828: 파일에 0xb4 오프셋에서 시작하는 문자가 포함되어 있습니다. 이 문자는 현재 원본 문자 집합에서 잘못된 문자입니다(코드 페이지 65001).
  (소스 파일 'ex4_3.c'을(를) 컴파일하는 중)
  
G:\강성관 교수님 알고리즘\7주차 강의 내용\ch04수정본260415\ch04_3\CircularLinkedList.h(1,1): warning C4828: 파일에 0xb7 오프셋에서 시작하는 문자가 포함되어 있습니다. 이 문자는 현재 원본 문자 집합에서 잘못된 문자입니다(코드 페이지 65001).
  (소스 파일 'ex4_3.c'을(를) 컴파일하는 중)
  
G:\강성관 교수님 알고리즘\7주차 강의 내용\ch04수정본260415\ch04_3\CircularLinkedList.h(1,1): warning C4828: 파일에 0xb8 오프셋에서 시작하는 문자가 포함되어 있습니다. 이 문자는 현재 원본 문자 집합에서 잘못된 문자입니다(코드 페이지 65001).
  (소스 파일 'ex4_3.c'을(를) 컴파일하는 중)
  
G:\강성관 교수님 알고리즘\7주차 강의 내용\ch04수정본260415\ch04_3\CircularLinkedList.h(1,1): warning C4828: 파일에 0xba 오프셋에서 시작하는 문자가 포함되어 있습니다. 이 문자는 현재 원본 문자 집합에서 잘못된 문자입니다(코드 페이지 65001).
  (소스 파일 'ex4_3.c'을(를) 컴파일하는 중)
  
G:\강성관 교수님 알고리즘\7주차 강의 내용\ch04수정본260415\ch04_3\CircularLinkedList.h(1,1): warning C4828: 파일에 0xbb 오프셋에서 시작하는 문자가 포함되어 있습니다. 이 문자는 현재 원본 문자 집합에서 잘못된 문자입니다(코드 페이지 65001).
  (소스 파일 'ex4_3.c'을(를) 컴파일하는 중)
  
G:\강성관 교수님 알고리즘\7주차 강의 내용\ch04수정본260415\ch04_3\CircularLinkedList.h(1,1): warning C4828: 파일에 0xbc 오프셋에서 시작하는 문자가 포함되어 있습니다. 이 문자는 현재 원본 문자 집합에서 잘못된 문자입니다(코드 페이지 65001).
  (소스 파일 'ex4_3.c'을(를) 컴파일하는 중)
  
G:\강성관 교수님 알고리즘\7주차 강의 내용\ch04수정본260415\ch04_3\CircularLinkedList.h(1,1): warning C4828: 파일에 0xbd 오프셋에서 시작하는 문자가 포함되어 있습니다. 이 문자는 현재 원본 문자 집합에서 잘못된 문자입니다(코드 페이지 65001).
  (소스 파일 'ex4_3.c'을(를) 컴파일하는 중)
  
G:\강성관 교수님 알고리즘\7주차 강의 내용\ch04수정본260415\ch04_3\CircularLinkedList.h(1,1): warning C4828: 파일에 0xc0 오프셋에서 시작하는 문자가 포함되어 있습니다. 이 문자는 현재 원본 문자 집합에서 잘못된 문자입니다(코드 페이지 65001).
  (소스 파일 'ex4_3.c'을(를) 컴파일하는 중)
  
G:\강성관 교수님 알고리즘\7주차 강의 내용\ch04수정본260415\ch04_3\CircularLinkedList.h(1,1): warning C4828: 파일에 0xc1 오프셋에서 시작하는 문자가 포함되어 있습니다. 이 문자는 현재 원본 문자 집합에서 잘못된 문자입니다(코드 페이지 65001).
  (소스 파일 'ex4_3.c'을(를) 컴파일하는 중)
  
G:\강성관 교수님 알고리즘\7주차 강의 내용\ch04수정본260415\ch04_3\CircularLinkedList.h(1,1): warning C4828: 파일에 0xc3 오프셋에서 시작하는 문자가 포함되어 있습니다. 이 문자는 현재 원본 문자 집합에서 잘못된 문자입니다(코드 페이지 65001).
  (소스 파일 'ex4_3.c'을(를) 컴파일하는 중)
  
G:\강성관 교수님 알고리즘\7주차 강의 내용\ch04수정본260415\ch04_3\CircularLinkedList.h(1,1): warning C4828: 파일에 0xc4 오프셋에서 시작하는 문자가 포함되어 있습니다. 이 문자는 현재 원본 문자 집합에서 잘못된 문자입니다(코드 페이지 65001).
  (소스 파일 'ex4_3.c'을(를) 컴파일하는 중)
  
G:\강성관 교수님 알고리즘\7주차 강의 내용\ch04수정본260415\ch04_3\CircularLinkedList.h(1,1): warning C4828: 파일에 0xc5 오프셋에서 시작하는 문자가 포함되어 있습니다. 이 문자는 현재 원본 문자 집합에서 잘못된 문자입니다(코드 페이지 65001).
  (소스 파일 'ex4_3.c'을(를) 컴파일하는 중)
  
G:\강성관 교수님 알고리즘\7주차 강의 내용\ch04수정본260415\ch04_3\CircularLinkedList.h(1,1): warning C4828: 파일에 0xc6 오프셋에서 시작하는 문자가 포함되어 있습니다. 이 문자는 현재 원본 문자 집합에서 잘못된 문자입니다(코드 페이지 65001).
  (소스 파일 'ex4_3.c'을(를) 컴파일하는 중)
  
  ch04_3.vcxproj -> G:\강성관 교수님 알고리즘\7주차 강의 내용\ch04수정본260415\Debug\ch04_3.exe
