g:\강의관련\2026년 1학기\신구대\알고리즘 이해\수업준비 관련\ch04\ch04_3\debug\vc145.pdb
g:\강의관련\2026년 1학기\신구대\알고리즘 이해\수업준비 관련\ch04\ch04_3\debug\vc145.idb
g:\강의관련\2026년 1학기\신구대\알고리즘 이해\수업준비 관련\ch04\ch04_3\debug\circularlinkedlist.obj
g:\강의관련\2026년 1학기\신구대\알고리즘 이해\수업준비 관련\ch04\ch04_3\debug\ex4_3.obj
g:\강의관련\2026년 1학기\신구대\알고리즘 이해\수업준비 관련\ch04\debug\ch04_3.exe
g:\강의관련\2026년 1학기\신구대\알고리즘 이해\수업준비 관련\ch04\debug\ch04_3.pdb
g:\강의관련\2026년 1학기\신구대\알고리즘 이해\수업준비 관련\ch04\ch04_3\debug\ch04_3.ilk
c:\algorithmb\project\ch04수정본260415\ch04_3\debug\circularlinkedlist.obj
c:\algorithmb\project\ch04수정본260415\ch04_3\debug\ex4_3.obj
c:\algorithmb\project\ch04수정본260415\ch04_3\debug\ch04_3.ilk
c:\algorithmb\project\ch04수정본260415\ch04_3\debug\vc145.idb
c:\algorithmb\project\ch04수정본260415\ch04_3\debug\vc145.pdb
c:\algorithmb\project\ch04수정본260415\debug\ch04_3.pdb
c:\algorithmb\project\ch04수정본260415\debug\ch04_3.exe
c:\algorithmb\project\ch04수정본260415\ch04_3\debug\ch04_3.tlog\cl.command.1.tlog
c:\algorithmb\project\ch04수정본260415\ch04_3\debug\ch04_3.tlog\cl.items.tlog
c:\algorithmb\project\ch04수정본260415\ch04_3\debug\ch04_3.tlog\cl.read.1.tlog
c:\algorithmb\project\ch04수정본260415\ch04_3\debug\ch04_3.tlog\cl.write.1.tlog
c:\algorithmb\project\ch04수정본260415\ch04_3\debug\ch04_3.tlog\link.command.1.tlog
c:\algorithmb\project\ch04수정본260415\ch04_3\debug\ch04_3.tlog\link.read.1.tlog
c:\algorithmb\project\ch04수정본260415\ch04_3\debug\ch04_3.tlog\link.secondary.1.tlog
c:\algorithmb\project\ch04수정본260415\ch04_3\debug\ch04_3.tlog\link.write.1.tlog
